<?xml version="1.0" encoding="UTF-8"?>
<!-- Generated by org.testng.reporters.JUnitXMLReporter -->
<testsuite ignored="0" hostname="LAPTOP-6DHJKUJ7" failures="0" tests="3" name="Default test" time="10.728" errors="0" timestamp="2022-07-03T17:24:49 EDT">
  <testcase classname="testng_Group.TestNG_Group" name="login" time="0.523"/>
  <testcase classname="testng_Group.TestNG_Group" name="logoTest" time="0.15"/>
  <testcase classname="testng_Group.TestNG_Group" name="titleTest" time="0.046"/>
</testsuite> <!-- Default test -->
